<?xml version="1.0" encoding="UTF-8"?>
<testng-results skipped="0" failed="0" ignored="0" total="2" passed="2">
  <reporter-output>
  </reporter-output>
  <suite name="Suite" duration-ms="1618" started-at="2020-03-15T16:18:19Z" finished-at="2020-03-15T16:18:20Z">
    <groups>
    </groups>
    <test name="Test" duration-ms="1618" started-at="2020-03-15T16:18:19Z" finished-at="2020-03-15T16:18:20Z">
      <class name="pom.testcase.Logintest">
        <test-method status="PASS" signature="setup()[pri:0, instance:pom.testcase.Logintest@731a74c]" name="setup" is-config="true" duration-ms="8188" started-at="2020-03-15T16:18:11Z" finished-at="2020-03-15T16:18:19Z">
          <reporter-output>
          </reporter-output>
        </test-method> <!-- setup -->
        <test-method status="PASS" signature="Test01()[pri:0, instance:pom.testcase.Logintest@731a74c]" name="Test01" duration-ms="1407" started-at="2020-03-15T16:18:19Z" finished-at="2020-03-15T16:18:20Z">
          <reporter-output>
          </reporter-output>
        </test-method> <!-- Test01 -->
        <test-method status="PASS" signature="test02()[pri:0, instance:pom.testcase.Logintest@731a74c]" name="test02" duration-ms="15" started-at="2020-03-15T16:18:20Z" finished-at="2020-03-15T16:18:20Z">
          <reporter-output>
          </reporter-output>
        </test-method> <!-- test02 -->
      </class> <!-- pom.testcase.Logintest -->
    </test> <!-- Test -->
  </suite> <!-- Suite -->
</testng-results>
