<?xml version="1.0" encoding="UTF-8"?>
<testng-results skipped="0" failed="0" ignored="0" total="2" passed="2">
  <reporter-output>
  </reporter-output>
  <suite name="Suite" duration-ms="1323" started-at="2020-03-15T15:10:13Z" finished-at="2020-03-15T15:10:15Z">
    <groups>
    </groups>
    <test name="Test" duration-ms="1323" started-at="2020-03-15T15:10:13Z" finished-at="2020-03-15T15:10:15Z">
      <class name="pom.testcase.Logintest">
        <test-method status="PASS" signature="setup()[pri:0, instance:pom.testcase.Logintest@6b57696f]" name="setup" is-config="true" duration-ms="5802" started-at="2020-03-15T15:10:07Z" finished-at="2020-03-15T15:10:13Z">
          <reporter-output>
          </reporter-output>
        </test-method> <!-- setup -->
        <test-method status="PASS" signature="Test01()[pri:0, instance:pom.testcase.Logintest@6b57696f]" name="Test01" duration-ms="1273" started-at="2020-03-15T15:10:13Z" finished-at="2020-03-15T15:10:15Z">
          <reporter-output>
          </reporter-output>
        </test-method> <!-- Test01 -->
        <test-method status="PASS" signature="test02()[pri:0, instance:pom.testcase.Logintest@6b57696f]" name="test02" duration-ms="19" started-at="2020-03-15T15:10:15Z" finished-at="2020-03-15T15:10:15Z">
          <reporter-output>
          </reporter-output>
        </test-method> <!-- test02 -->
      </class> <!-- pom.testcase.Logintest -->
    </test> <!-- Test -->
  </suite> <!-- Suite -->
</testng-results>
